Added Component: Designator=C1(CAP_3216£¨1206£©)
Added Component: Designator=C2(CAP_3216£¨1206£©)
Added Component: Designator=C3(0603RC)
Added Component: Designator=C4(0603RC)
Added Component: Designator=J1(HEADER-XT60-FEMALE)
Added Component: Designator=JTAG1(HEADER2X5)
Added Component: Designator=L1(L0805 - duplicate)
Added Component: Designator=S1(SW-B)
Added Component: Designator=U1(QFP100)
Added Component: Designator=U2(TPS7350(7333))
Added Pin To Net: NetName=5V Pin=C2-1
Added Pin To Net: NetName=5V Pin=C4-2
Added Pin To Net: NetName=5V Pin=L1-2
Added Net: Name=5V
Added Pin To Net: NetName=7.2V Pin=C1-1
Added Pin To Net: NetName=7.2V Pin=C3-2
Added Pin To Net: NetName=7.2V Pin=S1-3
Added Pin To Net: NetName=7.2V Pin=U2-3
Added Pin To Net: NetName=7.2V Pin=U2-4
Added Net: Name=7.2V
Added Pin To Net: NetName=AGND Pin=C1-2
Added Pin To Net: NetName=AGND Pin=C2-2
Added Pin To Net: NetName=AGND Pin=C3-1
Added Pin To Net: NetName=AGND Pin=C4-1
Added Pin To Net: NetName=AGND Pin=J1-2
Added Pin To Net: NetName=AGND Pin=U2-1
Added Pin To Net: NetName=AGND Pin=U2-2
Added Net: Name=AGND
Added Pin To Net: NetName=DGND Pin=JTAG1-3
Added Pin To Net: NetName=DGND Pin=JTAG1-5
Added Pin To Net: NetName=DGND Pin=JTAG1-7
Added Pin To Net: NetName=DGND Pin=JTAG1-9
Added Net: Name=DGND
Added Pin To Net: NetName=MCU_3.3V Pin=JTAG1-1
Added Net: Name=MCU_3.3V
Added Pin To Net: NetName=NetJ1_1 Pin=J1-1
Added Pin To Net: NetName=NetJ1_1 Pin=S1-2
Added Net: Name=NetJ1_1
Added Pin To Net: NetName=NetL1_1 Pin=L1-1
Added Pin To Net: NetName=NetL1_1 Pin=U2-5
Added Pin To Net: NetName=NetL1_1 Pin=U2-6
Added Pin To Net: NetName=NetL1_1 Pin=U2-7
Added Net: Name=NetL1_1
Added Class: Name=myCar
Added Room: Name=myCar
