Added Component: Designator=B1(BEEP0905)
Added Component: Designator=E2(LED-0603)
Added Component: Designator=Q1(SOT-23)
Added Component: Designator=R11(0603RC)
Added Component: Designator=R12(0603RC)
Added Component: Designator=R13(0603RC)
Added Component: Designator=R14(0603RC)
Added Component: Designator=S4(SWITCH)
Added Component: Designator=S5(SWITCH)
Added Component: Designator=S7(SWITCH)
Added Component: Designator=S8(SWITCH)
Added Pin To Net: NetName=5V Pin=B1-1
Added Pin To Net: NetName=TD0 Pin=JTAG1-2
Added Pin To Net: NetName=AGND Pin=Q1-2
Added Pin To Net: NetName=MCU_3.3V Pin=R11-2
Added Pin To Net: NetName=DGND Pin=R13-1
Added Pin To Net: NetName=AGND Pin=R14-1
Added Pin To Net: NetName=BEEP Pin=R12-1
Added Pin To Net: NetName=BEEP Pin=U1-39
Added Net: Name=BEEP
Added Pin To Net: NetName=KEY1 Pin=S4-2
Added Pin To Net: NetName=KEY1 Pin=U1-90
Added Net: Name=KEY1
Added Pin To Net: NetName=KEY2 Pin=S5-2
Added Pin To Net: NetName=KEY2 Pin=U1-91
Added Net: Name=KEY2
Added Pin To Net: NetName=KEY3 Pin=S7-2
Added Pin To Net: NetName=KEY3 Pin=U1-92
Added Net: Name=KEY3
Added Pin To Net: NetName=KEY4 Pin=S8-2
Added Pin To Net: NetName=KEY4 Pin=U1-5
Added Net: Name=KEY4
Added Pin To Net: NetName=NetB1_2 Pin=B1-2
Added Pin To Net: NetName=NetB1_2 Pin=Q1-3
Added Net: Name=NetB1_2
Added Pin To Net: NetName=NetE2_1 Pin=E2-1
Added Pin To Net: NetName=NetE2_1 Pin=R11-1
Added Net: Name=NetE2_1
Added Pin To Net: NetName=NetQ1_1 Pin=Q1-1
Added Pin To Net: NetName=NetQ1_1 Pin=R12-2
Added Pin To Net: NetName=NetQ1_1 Pin=R14-2
Added Net: Name=NetQ1_1
Added Pin To Net: NetName=NetR13_2 Pin=R13-2
Added Pin To Net: NetName=NetR13_2 Pin=S4-1
Added Pin To Net: NetName=NetR13_2 Pin=S5-1
Added Pin To Net: NetName=NetR13_2 Pin=S7-1
Added Pin To Net: NetName=NetR13_2 Pin=S8-1
Added Net: Name=NetR13_2
Added Pin To Net: NetName=PTC3 Pin=E2-2
Added Pin To Net: NetName=PTC3 Pin=U1-73
Added Net: Name=PTC3
Added Pin To Net: NetName=SW1 Pin=U1-6
Added Net: Name=SW1
Added Pin To Net: NetName=SW2 Pin=U1-7
Added Net: Name=SW2
Added Pin To Net: NetName=SW3 Pin=U1-93
Added Net: Name=SW3
Added Pin To Net: NetName=SW4 Pin=U1-94
Added Net: Name=SW4
Added Pin To Net: NetName=SW5 Pin=U1-95
Added Net: Name=SW5
Added Pin To Net: NetName=SW6 Pin=U1-96
Added Net: Name=SW6
Added Pin To Net: NetName=SW7 Pin=U1-97
Added Net: Name=SW7
Added Pin To Net: NetName=SW8 Pin=U1-84
Added Net: Name=SW8
Added Member To Class: ClassName=myCar Member=Component B1 BEEP
Added Member To Class: ClassName=myCar Member=Component E2 LED0
Added Member To Class: ClassName=myCar Member=Component Q1 NPN
Added Member To Class: ClassName=myCar Member=Component R11 1K
Added Member To Class: ClassName=myCar Member=Component R12 1K
Added Member To Class: ClassName=myCar Member=Component R13 RES
Added Member To Class: ClassName=myCar Member=Component R14 10K
Added Member To Class: ClassName=myCar Member=Component S4 SW-PB
Added Member To Class: ClassName=myCar Member=Component S5 SW-PB
Added Member To Class: ClassName=myCar Member=Component S7 SW-PB
Added Member To Class: ClassName=myCar Member=Component S8 SW-PB
Added Room: Name=myCar
